

============================== 2023-02-12 11:49:01.209568 | 413e19ba-2499-4ffd-be80-7631bb662d41 ==============================
[0m11:49:01.209568 [info ] [MainThread]: Running with dbt=1.4.1
[0m11:49:01.211536 [debug] [MainThread]: running dbt with arguments {'write_json': True, 'use_colors': True, 'printer_width': 80, 'version_check': True, 'partial_parse': True, 'static_parser': True, 'profiles_dir': '/Users/mac/.dbt', 'send_anonymous_usage_stats': True, 'quiet': False, 'no_print': False, 'cache_selected_only': False, 'skip_profile_setup': False, 'which': 'init', 'indirect_selection': 'eager'}
[0m11:49:01.211771 [debug] [MainThread]: Tracking: tracking
[0m11:49:01.227137 [debug] [MainThread]: Sending event: {'category': 'dbt', 'action': 'invocation', 'label': 'start', 'context': [<snowplow_tracker.self_describing_json.SelfDescribingJson object at 0x7ff6b4b9f790>, <snowplow_tracker.self_describing_json.SelfDescribingJson object at 0x7ff6b4b9eb30>, <snowplow_tracker.self_describing_json.SelfDescribingJson object at 0x7ff6b4b9fe80>]}
[0m11:49:01.228596 [info ] [MainThread]: Creating dbt configuration folder at /Users/mac/.dbt
[0m11:49:51.068913 [debug] [MainThread]: Starter project path: /Users/mac/opt/anaconda3/envs/dbt-env/lib/python3.10/site-packages/dbt/include/starter_project
[0m11:54:41.676847 [info ] [MainThread]: Profile dbt_snowflake_1 written to /Users/mac/.dbt/profiles.yml using target's profile_template.yml and your supplied values. Run 'dbt debug' to validate the connection.
[0m11:54:41.677323 [info ] [MainThread]: 
Your new dbt project "dbt_snowflake_1" was created!

For more information on how to configure the profiles.yml file,
please consult the dbt documentation here:

  https://docs.getdbt.com/docs/configure-your-profile

One more thing:

Need help? Don't hesitate to reach out to us via GitHub issues or on Slack:

  https://community.getdbt.com/

Happy modeling!

[0m11:54:41.677842 [debug] [MainThread]: Sending event: {'category': 'dbt', 'action': 'invocation', 'label': 'end', 'context': [<snowplow_tracker.self_describing_json.SelfDescribingJson object at 0x7ff6b4be24a0>, <snowplow_tracker.self_describing_json.SelfDescribingJson object at 0x7ff6b4b9f910>, <snowplow_tracker.self_describing_json.SelfDescribingJson object at 0x7ff6b4b9de70>]}
[0m11:54:41.678266 [debug] [MainThread]: Flushing usage events


============================== 2023-03-05 15:05:06.035534 | 1287b967-910e-4b93-8676-3cb6aeaf6883 ==============================
[0m15:05:06.035534 [info ] [MainThread]: Running with dbt=1.4.1
[0m15:05:06.037318 [debug] [MainThread]: running dbt with arguments {'write_json': True, 'use_colors': True, 'printer_width': 80, 'version_check': True, 'partial_parse': True, 'static_parser': True, 'profiles_dir': '/Users/mac/.dbt', 'send_anonymous_usage_stats': True, 'quiet': False, 'no_print': False, 'cache_selected_only': False, 'config_dir': False, 'which': 'debug', 'indirect_selection': 'eager'}
[0m15:05:06.037599 [debug] [MainThread]: Tracking: tracking
[0m15:05:06.058670 [debug] [MainThread]: Sending event: {'category': 'dbt', 'action': 'invocation', 'label': 'start', 'context': [<snowplow_tracker.self_describing_json.SelfDescribingJson object at 0x7fcf4e9a7910>, <snowplow_tracker.self_describing_json.SelfDescribingJson object at 0x7fcf4e9a71f0>, <snowplow_tracker.self_describing_json.SelfDescribingJson object at 0x7fcf4e9a79d0>]}
[0m15:05:06.746003 [debug] [MainThread]: Executing "git --help"
[0m15:05:06.790073 [debug] [MainThread]: STDOUT: "b"usage: git [-v | --version] [-h | --help] [-C <path>] [-c <name>=<value>]\n           [--exec-path[=<path>]] [--html-path] [--man-path] [--info-path]\n           [-p | --paginate | -P | --no-pager] [--no-replace-objects] [--bare]\n           [--git-dir=<path>] [--work-tree=<path>] [--namespace=<name>]\n           [--super-prefix=<path>] [--config-env=<name>=<envvar>]\n           <command> [<args>]\n\nThese are common Git commands used in various situations:\n\nstart a working area (see also: git help tutorial)\n   clone     Clone a repository into a new directory\n   init      Create an empty Git repository or reinitialize an existing one\n\nwork on the current change (see also: git help everyday)\n   add       Add file contents to the index\n   mv        Move or rename a file, a directory, or a symlink\n   restore   Restore working tree files\n   rm        Remove files from the working tree and from the index\n\nexamine the history and state (see also: git help revisions)\n   bisect    Use binary search to find the commit that introduced a bug\n   diff      Show changes between commits, commit and working tree, etc\n   grep      Print lines matching a pattern\n   log       Show commit logs\n   show      Show various types of objects\n   status    Show the working tree status\n\ngrow, mark and tweak your common history\n   branch    List, create, or delete branches\n   commit    Record changes to the repository\n   merge     Join two or more development histories together\n   rebase    Reapply commits on top of another base tip\n   reset     Reset current HEAD to the specified state\n   switch    Switch branches\n   tag       Create, list, delete or verify a tag object signed with GPG\n\ncollaborate (see also: git help workflows)\n   fetch     Download objects and refs from another repository\n   pull      Fetch from and integrate with another repository or a local branch\n   push      Update remote refs along with associated objects\n\n'git help -a' and 'git help -g' list available subcommands and some\nconcept guides. See 'git help <command>' or 'git help <concept>'\nto read about a specific subcommand or concept.\nSee 'git help git' for an overview of the system.\n""
[0m15:05:06.791241 [debug] [MainThread]: STDERR: "b''"
[0m15:05:06.803207 [debug] [MainThread]: Acquiring new snowflake connection 'debug'
[0m15:05:06.805552 [debug] [MainThread]: Using snowflake connection "debug"
[0m15:05:06.806443 [debug] [MainThread]: On debug: select 1 as id
[0m15:05:06.806991 [debug] [MainThread]: Opening a new connection, currently in state init
[0m15:05:09.402681 [debug] [MainThread]: Flushing usage events
[0m15:05:09.796065 [debug] [MainThread]: Connection 'debug' was properly closed.
[0m15:05:09.796497 [info ] [MainThread]: ctrl-c
